<?xml version="1.0" encoding="UTF-8"?>
<coverage generated="1660927148460" clover="3.2.0">
  <project timestamp="1660927148460" name="All files">
    <metrics statements="86" coveredstatements="86" conditionals="50" coveredconditionals="50" methods="10" coveredmethods="10" elements="146" coveredelements="146" complexity="0" loc="86" ncloc="86" packages="1" files="4" classes="4"/>
    <file name="nist-weierstrass-common.ts" path="/home/ubuntu/Downloads/nov22nd/nist-weierstrass/src/nist-weierstrass-common.ts">
      <metrics statements="44" coveredstatements="44" conditionals="38" coveredconditionals="38" methods="7" coveredmethods="7"/>
      <line num="39" count="5" type="cond" truecount="2" falsecount="0"/>
      <line num="40" count="4" type="stmt"/>
      <line num="42" count="1" type="stmt"/>
      <line num="43" count="1" type="stmt"/>
      <line num="53" count="5" type="cond" truecount="2" falsecount="0"/>
      <line num="54" count="4" type="stmt"/>
      <line num="56" count="1" type="stmt"/>
      <line num="57" count="1" type="stmt"/>
      <line num="58" count="1" type="stmt"/>
      <line num="59" count="1" type="stmt"/>
      <line num="69" count="12" type="cond" truecount="2" falsecount="0"/>
      <line num="70" count="7" type="stmt"/>
      <line num="72" count="5" type="stmt"/>
      <line num="73" count="5" type="stmt"/>
      <line num="74" count="5" type="stmt"/>
      <line num="75" count="5" type="stmt"/>
      <line num="76" count="5" type="stmt"/>
      <line num="85" count="20" type="stmt"/>
      <line num="86" count="20" type="cond" truecount="2" falsecount="0"/>
      <line num="87" count="11" type="cond" truecount="2" falsecount="0"/>
      <line num="88" count="7" type="stmt"/>
      <line num="91" count="13" type="stmt"/>
      <line num="100" count="28" type="cond" truecount="2" falsecount="0"/>
      <line num="101" count="8" type="stmt"/>
      <line num="103" count="20" type="cond" truecount="2" falsecount="0"/>
      <line num="104" count="13" type="stmt"/>
      <line num="106" count="7" type="stmt"/>
      <line num="122" count="8" type="cond" truecount="2" falsecount="0"/>
      <line num="124" count="6" type="cond" truecount="2" falsecount="0"/>
      <line num="126" count="4" type="cond" truecount="4" falsecount="0"/>
      <line num="128" count="3" type="cond" truecount="4" falsecount="0"/>
      <line num="130" count="1" type="stmt"/>
      <line num="131" count="1" type="stmt"/>
      <line num="132" count="1" type="stmt"/>
      <line num="133" count="1" type="stmt"/>
      <line num="146" count="6" type="cond" truecount="2" falsecount="0"/>
      <line num="148" count="5" type="cond" truecount="2" falsecount="0"/>
      <line num="150" count="4" type="cond" truecount="4" falsecount="0"/>
      <line num="152" count="3" type="cond" truecount="4" falsecount="0"/>
      <line num="154" count="2" type="stmt"/>
      <line num="155" count="2" type="stmt"/>
      <line num="156" count="2" type="stmt"/>
      <line num="157" count="2" type="stmt"/>
      <line num="158" count="2" type="stmt"/>
    </file>
    <file name="secp256r1.ts" path="/home/ubuntu/Downloads/nov22nd/nist-weierstrass/src/secp256r1.ts">
      <metrics statements="14" coveredstatements="14" conditionals="4" coveredconditionals="4" methods="1" coveredmethods="1"/>
      <line num="16" count="7" type="cond" truecount="2" falsecount="0"/>
      <line num="17" count="3" type="stmt"/>
      <line num="20" count="4" type="stmt"/>
      <line num="21" count="4" type="stmt"/>
      <line num="22" count="4" type="stmt"/>
      <line num="23" count="4" type="stmt"/>
      <line num="25" count="4" type="stmt"/>
      <line num="26" count="4" type="stmt"/>
      <line num="27" count="4" type="stmt"/>
      <line num="29" count="4" type="stmt"/>
      <line num="30" count="4" type="stmt"/>
      <line num="33" count="4" type="cond" truecount="2" falsecount="0"/>
      <line num="36" count="1" type="stmt"/>
      <line num="39" count="4" type="stmt"/>
    </file>
    <file name="secp384r1.ts" path="/home/ubuntu/Downloads/nov22nd/nist-weierstrass/src/secp384r1.ts">
      <metrics statements="14" coveredstatements="14" conditionals="4" coveredconditionals="4" methods="1" coveredmethods="1"/>
      <line num="16" count="7" type="cond" truecount="2" falsecount="0"/>
      <line num="17" count="3" type="stmt"/>
      <line num="20" count="4" type="stmt"/>
      <line num="21" count="4" type="stmt"/>
      <line num="22" count="4" type="stmt"/>
      <line num="23" count="4" type="stmt"/>
      <line num="25" count="4" type="stmt"/>
      <line num="26" count="4" type="stmt"/>
      <line num="27" count="4" type="stmt"/>
      <line num="29" count="4" type="stmt"/>
      <line num="30" count="4" type="stmt"/>
      <line num="33" count="4" type="cond" truecount="2" falsecount="0"/>
      <line num="36" count="2" type="stmt"/>
      <line num="39" count="4" type="stmt"/>
    </file>
    <file name="secp521r1.ts" path="/home/ubuntu/Downloads/nov22nd/nist-weierstrass/src/secp521r1.ts">
      <metrics statements="14" coveredstatements="14" conditionals="4" coveredconditionals="4" methods="1" coveredmethods="1"/>
      <line num="16" count="6" type="cond" truecount="2" falsecount="0"/>
      <line num="17" count="3" type="stmt"/>
      <line num="20" count="3" type="stmt"/>
      <line num="21" count="3" type="stmt"/>
      <line num="22" count="3" type="stmt"/>
      <line num="23" count="3" type="stmt"/>
      <line num="25" count="3" type="stmt"/>
      <line num="26" count="3" type="stmt"/>
      <line num="27" count="3" type="stmt"/>
      <line num="29" count="3" type="stmt"/>
      <line num="30" count="3" type="stmt"/>
      <line num="33" count="3" type="cond" truecount="2" falsecount="0"/>
      <line num="36" count="2" type="stmt"/>
      <line num="39" count="3" type="stmt"/>
    </file>
  </project>
</coverage>
