{"/home/ubuntu/Downloads/nov22nd/nist-weierstrass/src/nist-weierstrass-common.ts": {"path":"/home/ubuntu/Downloads/nov22nd/nist-weierstrass/src/nist-weierstrass-common.ts","statementMap":{"0":{"start":{"line":39,"column":2},"end":{"line":41,"column":3}},"1":{"start":{"line":40,"column":4},"end":{"line":40,"column":54}},"2":{"start":{"line":42,"column":13},"end":{"line":42,"column":47}},"3":{"start":{"line":43,"column":1},"end":{"line":43,"column":12}},"4":{"start":{"line":53,"column":2},"end":{"line":55,"column":4}},"5":{"start":{"line":54,"column":4},"end":{"line":54,"column":76}},"6":{"start":{"line":56,"column":23},"end":{"line":56,"column":70}},"7":{"start":{"line":57,"column":12},"end":{"line":57,"column":59}},"8":{"start":{"line":58,"column":12},"end":{"line":58,"column":59}},"9":{"start":{"line":59,"column":1},"end":{"line":59,"column":19}},"10":{"start":{"line":69,"column":3},"end":{"line":71,"column":5}},"11":{"start":{"line":70,"column":6},"end":{"line":70,"column":78}},"12":{"start":{"line":72,"column":17},"end":{"line":72,"column":60}},"13":{"start":{"line":73,"column":17},"end":{"line":73,"column":78}},"14":{"start":{"line":74,"column":19},"end":{"line":74,"column":48}},"15":{"start":{"line":75,"column":19},"end":{"line":75,"column":48}},"16":{"start":{"line":76,"column":4},"end":{"line":76,"column":30}},"17":{"start":{"line":85,"column":15},"end":{"line":85,"column":43}},"18":{"start":{"line":86,"column":1},"end":{"line":90,"column":3}},"19":{"start":{"line":87,"column":5},"end":{"line":89,"column":6}},"20":{"start":{"line":88,"column":9},"end":{"line":88,"column":21}},"21":{"start":{"line":91,"column":2},"end":{"line":91,"column":15}},"22":{"start":{"line":100,"column":2},"end":{"line":102,"column":3}},"23":{"start":{"line":101,"column":5},"end":{"line":101,"column":18}},"24":{"start":{"line":103,"column":2},"end":{"line":107,"column":3}},"25":{"start":{"line":104,"column":5},"end":{"line":104,"column":17}},"26":{"start":{"line":106,"column":5},"end":{"line":106,"column":18}},"27":{"start":{"line":122,"column":2},"end":{"line":122,"column":84}},"28":{"start":{"line":122,"column":24},"end":{"line":122,"column":82}},"29":{"start":{"line":124,"column":2},"end":{"line":124,"column":109}},"30":{"start":{"line":124,"column":36},"end":{"line":124,"column":107}},"31":{"start":{"line":126,"column":2},"end":{"line":126,"column":172}},"32":{"start":{"line":126,"column":116},"end":{"line":126,"column":170}},"33":{"start":{"line":128,"column":2},"end":{"line":128,"column":127}},"34":{"start":{"line":128,"column":72},"end":{"line":128,"column":124}},"35":{"start":{"line":130,"column":26},"end":{"line":130,"column":68}},"36":{"start":{"line":131,"column":15},"end":{"line":131,"column":62}},"37":{"start":{"line":132,"column":15},"end":{"line":132,"column":62}},"38":{"start":{"line":133,"column":4},"end":{"line":133,"column":22}},"39":{"start":{"line":146,"column":5},"end":{"line":146,"column":87}},"40":{"start":{"line":146,"column":27},"end":{"line":146,"column":85}},"41":{"start":{"line":148,"column":5},"end":{"line":148,"column":112}},"42":{"start":{"line":148,"column":39},"end":{"line":148,"column":110}},"43":{"start":{"line":150,"column":5},"end":{"line":150,"column":175}},"44":{"start":{"line":150,"column":119},"end":{"line":150,"column":173}},"45":{"start":{"line":152,"column":5},"end":{"line":152,"column":130}},"46":{"start":{"line":152,"column":75},"end":{"line":152,"column":127}},"47":{"start":{"line":154,"column":20},"end":{"line":154,"column":42}},"48":{"start":{"line":155,"column":20},"end":{"line":155,"column":42}},"49":{"start":{"line":156,"column":22},"end":{"line":156,"column":51}},"50":{"start":{"line":157,"column":22},"end":{"line":157,"column":51}},"51":{"start":{"line":158,"column":7},"end":{"line":158,"column":33}}},"fnMap":{"0":{"name":"pubKeyBytesToHex","decl":{"start":{"line":38,"column":16},"end":{"line":38,"column":32}},"loc":{"start":{"line":38,"column":67},"end":{"line":44,"column":1}},"line":38},"1":{"name":"publicKeyToXY","decl":{"start":{"line":52,"column":16},"end":{"line":52,"column":29}},"loc":{"start":{"line":52,"column":70},"end":{"line":60,"column":1}},"line":52},"2":{"name":"publicKeyHexToUint8ArrayPointPair","decl":{"start":{"line":68,"column":16},"end":{"line":68,"column":49}},"loc":{"start":{"line":68,"column":85},"end":{"line":77,"column":1}},"line":68},"3":{"name":"testHexString","decl":{"start":{"line":84,"column":16},"end":{"line":84,"column":29}},"loc":{"start":{"line":84,"column":54},"end":{"line":92,"column":1}},"line":84},"4":{"name":"testUint8Array","decl":{"start":{"line":99,"column":16},"end":{"line":99,"column":30}},"loc":{"start":{"line":99,"column":60},"end":{"line":108,"column":1}},"line":99},"5":{"name":"publicKeyIntToXY","decl":{"start":{"line":121,"column":16},"end":{"line":121,"column":32}},"loc":{"start":{"line":121,"column":72},"end":{"line":134,"column":1}},"line":121},"6":{"name":"publicKeyIntToUint8ArrayPointPair","decl":{"start":{"line":145,"column":16},"end":{"line":145,"column":49}},"loc":{"start":{"line":145,"column":85},"end":{"line":159,"column":1}},"line":145}},"branchMap":{"0":{"loc":{"start":{"line":39,"column":2},"end":{"line":41,"column":3}},"type":"if","locations":[{"start":{"line":39,"column":2},"end":{"line":41,"column":3}},{"start":{},"end":{}}],"line":39},"1":{"loc":{"start":{"line":53,"column":2},"end":{"line":55,"column":4}},"type":"if","locations":[{"start":{"line":53,"column":2},"end":{"line":55,"column":4}},{"start":{},"end":{}}],"line":53},"2":{"loc":{"start":{"line":69,"column":3},"end":{"line":71,"column":5}},"type":"if","locations":[{"start":{"line":69,"column":3},"end":{"line":71,"column":5}},{"start":{},"end":{}}],"line":69},"3":{"loc":{"start":{"line":86,"column":1},"end":{"line":90,"column":3}},"type":"if","locations":[{"start":{"line":86,"column":1},"end":{"line":90,"column":3}},{"start":{},"end":{}}],"line":86},"4":{"loc":{"start":{"line":87,"column":5},"end":{"line":89,"column":6}},"type":"if","locations":[{"start":{"line":87,"column":5},"end":{"line":89,"column":6}},{"start":{},"end":{}}],"line":87},"5":{"loc":{"start":{"line":100,"column":2},"end":{"line":102,"column":3}},"type":"if","locations":[{"start":{"line":100,"column":2},"end":{"line":102,"column":3}},{"start":{},"end":{}}],"line":100},"6":{"loc":{"start":{"line":103,"column":2},"end":{"line":107,"column":3}},"type":"if","locations":[{"start":{"line":103,"column":2},"end":{"line":107,"column":3}},{"start":{"line":105,"column":9},"end":{"line":107,"column":3}}],"line":103},"7":{"loc":{"start":{"line":122,"column":2},"end":{"line":122,"column":84}},"type":"if","locations":[{"start":{"line":122,"column":2},"end":{"line":122,"column":84}},{"start":{},"end":{}}],"line":122},"8":{"loc":{"start":{"line":124,"column":2},"end":{"line":124,"column":109}},"type":"if","locations":[{"start":{"line":124,"column":2},"end":{"line":124,"column":109}},{"start":{},"end":{}}],"line":124},"9":{"loc":{"start":{"line":126,"column":2},"end":{"line":126,"column":172}},"type":"if","locations":[{"start":{"line":126,"column":2},"end":{"line":126,"column":172}},{"start":{},"end":{}}],"line":126},"10":{"loc":{"start":{"line":126,"column":5},"end":{"line":126,"column":112}},"type":"binary-expr","locations":[{"start":{"line":126,"column":5},"end":{"line":126,"column":56}},{"start":{"line":126,"column":61},"end":{"line":126,"column":112}}],"line":126},"11":{"loc":{"start":{"line":128,"column":2},"end":{"line":128,"column":127}},"type":"if","locations":[{"start":{"line":128,"column":2},"end":{"line":128,"column":127}},{"start":{},"end":{}}],"line":128},"12":{"loc":{"start":{"line":128,"column":5},"end":{"line":128,"column":68}},"type":"binary-expr","locations":[{"start":{"line":128,"column":5},"end":{"line":128,"column":34}},{"start":{"line":128,"column":39},"end":{"line":128,"column":68}}],"line":128},"13":{"loc":{"start":{"line":146,"column":5},"end":{"line":146,"column":87}},"type":"if","locations":[{"start":{"line":146,"column":5},"end":{"line":146,"column":87}},{"start":{},"end":{}}],"line":146},"14":{"loc":{"start":{"line":148,"column":5},"end":{"line":148,"column":112}},"type":"if","locations":[{"start":{"line":148,"column":5},"end":{"line":148,"column":112}},{"start":{},"end":{}}],"line":148},"15":{"loc":{"start":{"line":150,"column":5},"end":{"line":150,"column":175}},"type":"if","locations":[{"start":{"line":150,"column":5},"end":{"line":150,"column":175}},{"start":{},"end":{}}],"line":150},"16":{"loc":{"start":{"line":150,"column":8},"end":{"line":150,"column":115}},"type":"binary-expr","locations":[{"start":{"line":150,"column":8},"end":{"line":150,"column":59}},{"start":{"line":150,"column":64},"end":{"line":150,"column":115}}],"line":150},"17":{"loc":{"start":{"line":152,"column":5},"end":{"line":152,"column":130}},"type":"if","locations":[{"start":{"line":152,"column":5},"end":{"line":152,"column":130}},{"start":{},"end":{}}],"line":152},"18":{"loc":{"start":{"line":152,"column":8},"end":{"line":152,"column":71}},"type":"binary-expr","locations":[{"start":{"line":152,"column":8},"end":{"line":152,"column":37}},{"start":{"line":152,"column":42},"end":{"line":152,"column":71}}],"line":152}},"s":{"0":5,"1":4,"2":1,"3":1,"4":5,"5":4,"6":1,"7":1,"8":1,"9":1,"10":12,"11":7,"12":5,"13":5,"14":5,"15":5,"16":5,"17":20,"18":20,"19":11,"20":7,"21":13,"22":28,"23":8,"24":20,"25":13,"26":7,"27":8,"28":2,"29":6,"30":2,"31":4,"32":1,"33":3,"34":2,"35":1,"36":1,"37":1,"38":1,"39":6,"40":1,"41":5,"42":1,"43":4,"44":1,"45":3,"46":1,"47":2,"48":2,"49":2,"50":2,"51":2},"f":{"0":5,"1":5,"2":12,"3":20,"4":28,"5":8,"6":6},"b":{"0":[4,1],"1":[4,1],"2":[7,5],"3":[11,9],"4":[7,4],"5":[8,20],"6":[13,7],"7":[2,6],"8":[2,4],"9":[1,3],"10":[4,4],"11":[2,1],"12":[3,2],"13":[1,5],"14":[1,4],"15":[1,3],"16":[4,4],"17":[1,2],"18":[3,1]},"_coverageSchema":"1a1c01bbd47fc00a2c39e90264f33305004495a9","hash":"22e0932f43550fe34a18e3ff9a3c7f61fe867d89"}
,"/home/ubuntu/Downloads/nov22nd/nist-weierstrass/src/secp256r1.ts": {"path":"/home/ubuntu/Downloads/nov22nd/nist-weierstrass/src/secp256r1.ts","statementMap":{"0":{"start":{"line":16,"column":2},"end":{"line":18,"column":4}},"1":{"start":{"line":17,"column":4},"end":{"line":17,"column":54}},"2":{"start":{"line":20,"column":14},"end":{"line":20,"column":23}},"3":{"start":{"line":21,"column":16},"end":{"line":21,"column":81}},"4":{"start":{"line":22,"column":12},"end":{"line":22,"column":90}},"5":{"start":{"line":23,"column":17},"end":{"line":23,"column":34}},"6":{"start":{"line":25,"column":16},"end":{"line":25,"column":35}},"7":{"start":{"line":26,"column":12},"end":{"line":26,"column":28}},"8":{"start":{"line":27,"column":15},"end":{"line":27,"column":47}},"9":{"start":{"line":29,"column":12},"end":{"line":29,"column":34}},"10":{"start":{"line":30,"column":13},"end":{"line":30,"column":50}},"11":{"start":{"line":33,"column":2},"end":{"line":37,"column":5}},"12":{"start":{"line":36,"column":9},"end":{"line":36,"column":29}},"13":{"start":{"line":39,"column":4},"end":{"line":42,"column":6}}},"fnMap":{"0":{"name":"ECPointDecompress","decl":{"start":{"line":15,"column":17},"end":{"line":15,"column":34}},"loc":{"start":{"line":15,"column":70},"end":{"line":44,"column":1}},"line":15}},"branchMap":{"0":{"loc":{"start":{"line":16,"column":2},"end":{"line":18,"column":4}},"type":"if","locations":[{"start":{"line":16,"column":2},"end":{"line":18,"column":4}},{"start":{},"end":{}}],"line":16},"1":{"loc":{"start":{"line":33,"column":2},"end":{"line":37,"column":5}},"type":"if","locations":[{"start":{"line":33,"column":2},"end":{"line":37,"column":5}},{"start":{},"end":{}}],"line":33}},"s":{"0":7,"1":3,"2":4,"3":4,"4":4,"5":4,"6":4,"7":4,"8":4,"9":4,"10":4,"11":4,"12":1,"13":4},"f":{"0":7},"b":{"0":[3,4],"1":[1,3]},"_coverageSchema":"1a1c01bbd47fc00a2c39e90264f33305004495a9","hash":"017120d57869b0f3e6c041f324d2cbc91bdcf08b"}
,"/home/ubuntu/Downloads/nov22nd/nist-weierstrass/src/secp384r1.ts": {"path":"/home/ubuntu/Downloads/nov22nd/nist-weierstrass/src/secp384r1.ts","statementMap":{"0":{"start":{"line":16,"column":2},"end":{"line":18,"column":4}},"1":{"start":{"line":17,"column":4},"end":{"line":17,"column":54}},"2":{"start":{"line":20,"column":14},"end":{"line":20,"column":23}},"3":{"start":{"line":21,"column":16},"end":{"line":21,"column":81}},"4":{"start":{"line":22,"column":12},"end":{"line":22,"column":129}},"5":{"start":{"line":23,"column":17},"end":{"line":23,"column":34}},"6":{"start":{"line":25,"column":16},"end":{"line":25,"column":35}},"7":{"start":{"line":26,"column":12},"end":{"line":26,"column":28}},"8":{"start":{"line":27,"column":15},"end":{"line":27,"column":47}},"9":{"start":{"line":29,"column":12},"end":{"line":29,"column":34}},"10":{"start":{"line":30,"column":13},"end":{"line":30,"column":50}},"11":{"start":{"line":33,"column":2},"end":{"line":37,"column":5}},"12":{"start":{"line":36,"column":9},"end":{"line":36,"column":29}},"13":{"start":{"line":39,"column":4},"end":{"line":42,"column":6}}},"fnMap":{"0":{"name":"ECPointDecompress","decl":{"start":{"line":15,"column":17},"end":{"line":15,"column":34}},"loc":{"start":{"line":15,"column":70},"end":{"line":44,"column":1}},"line":15}},"branchMap":{"0":{"loc":{"start":{"line":16,"column":2},"end":{"line":18,"column":4}},"type":"if","locations":[{"start":{"line":16,"column":2},"end":{"line":18,"column":4}},{"start":{},"end":{}}],"line":16},"1":{"loc":{"start":{"line":33,"column":2},"end":{"line":37,"column":5}},"type":"if","locations":[{"start":{"line":33,"column":2},"end":{"line":37,"column":5}},{"start":{},"end":{}}],"line":33}},"s":{"0":7,"1":3,"2":4,"3":4,"4":4,"5":4,"6":4,"7":4,"8":4,"9":4,"10":4,"11":4,"12":2,"13":4},"f":{"0":7},"b":{"0":[3,4],"1":[2,2]},"_coverageSchema":"1a1c01bbd47fc00a2c39e90264f33305004495a9","hash":"2711cb4048c6eb8118d8c867f5399439fe0815c0"}
,"/home/ubuntu/Downloads/nov22nd/nist-weierstrass/src/secp521r1.ts": {"path":"/home/ubuntu/Downloads/nov22nd/nist-weierstrass/src/secp521r1.ts","statementMap":{"0":{"start":{"line":16,"column":2},"end":{"line":18,"column":4}},"1":{"start":{"line":17,"column":4},"end":{"line":17,"column":54}},"2":{"start":{"line":20,"column":14},"end":{"line":20,"column":23}},"3":{"start":{"line":21,"column":16},"end":{"line":21,"column":34}},"4":{"start":{"line":22,"column":12},"end":{"line":22,"column":170}},"5":{"start":{"line":23,"column":17},"end":{"line":23,"column":34}},"6":{"start":{"line":25,"column":16},"end":{"line":25,"column":35}},"7":{"start":{"line":26,"column":12},"end":{"line":26,"column":28}},"8":{"start":{"line":27,"column":15},"end":{"line":27,"column":47}},"9":{"start":{"line":29,"column":12},"end":{"line":29,"column":34}},"10":{"start":{"line":30,"column":13},"end":{"line":30,"column":50}},"11":{"start":{"line":33,"column":2},"end":{"line":37,"column":5}},"12":{"start":{"line":36,"column":9},"end":{"line":36,"column":29}},"13":{"start":{"line":39,"column":4},"end":{"line":42,"column":6}}},"fnMap":{"0":{"name":"ECPointDecompress","decl":{"start":{"line":15,"column":17},"end":{"line":15,"column":34}},"loc":{"start":{"line":15,"column":70},"end":{"line":44,"column":1}},"line":15}},"branchMap":{"0":{"loc":{"start":{"line":16,"column":2},"end":{"line":18,"column":4}},"type":"if","locations":[{"start":{"line":16,"column":2},"end":{"line":18,"column":4}},{"start":{},"end":{}}],"line":16},"1":{"loc":{"start":{"line":33,"column":2},"end":{"line":37,"column":5}},"type":"if","locations":[{"start":{"line":33,"column":2},"end":{"line":37,"column":5}},{"start":{},"end":{}}],"line":33}},"s":{"0":6,"1":3,"2":3,"3":3,"4":3,"5":3,"6":3,"7":3,"8":3,"9":3,"10":3,"11":3,"12":2,"13":3},"f":{"0":6},"b":{"0":[3,3],"1":[2,1]},"_coverageSchema":"1a1c01bbd47fc00a2c39e90264f33305004495a9","hash":"c5d186ebf765e8e24f77777a936a869ba43e70dd"}
}
