TN:
SF:src/nist-weierstrauss-common.ts
FN:38,pubKeyBytesToHex
FN:52,publicKeyToXY
FN:68,publicKeyHexToUint8ArrayPointPair
FN:84,testHexString
FN:99,testUint8Array
FN:121,publicKeyIntToXY
FN:145,publicKeyIntToUint8ArrayPointPair
FNF:7
FNH:7
FNDA:5,pubKeyBytesToHex
FNDA:5,publicKeyToXY
FNDA:12,publicKeyHexToUint8ArrayPointPair
FNDA:20,testHexString
FNDA:28,testUint8Array
FNDA:8,publicKeyIntToXY
FNDA:6,publicKeyIntToUint8ArrayPointPair
DA:39,5
DA:40,4
DA:42,1
DA:43,1
DA:53,5
DA:54,4
DA:56,1
DA:57,1
DA:58,1
DA:59,1
DA:69,12
DA:70,7
DA:72,5
DA:73,5
DA:74,5
DA:75,5
DA:76,5
DA:85,20
DA:86,20
DA:87,11
DA:88,7
DA:91,13
DA:100,28
DA:101,8
DA:103,20
DA:104,13
DA:106,7
DA:122,8
DA:124,6
DA:126,4
DA:128,3
DA:130,1
DA:131,1
DA:132,1
DA:133,1
DA:146,6
DA:148,5
DA:150,4
DA:152,3
DA:154,2
DA:155,2
DA:156,2
DA:157,2
DA:158,2
LF:44
LH:44
BRDA:39,0,0,4
BRDA:39,0,1,1
BRDA:53,1,0,4
BRDA:53,1,1,1
BRDA:69,2,0,7
BRDA:69,2,1,5
BRDA:86,3,0,11
BRDA:86,3,1,9
BRDA:87,4,0,7
BRDA:87,4,1,4
BRDA:100,5,0,8
BRDA:100,5,1,20
BRDA:103,6,0,13
BRDA:103,6,1,7
BRDA:122,7,0,2
BRDA:122,7,1,6
BRDA:124,8,0,2
BRDA:124,8,1,4
BRDA:126,9,0,1
BRDA:126,9,1,3
BRDA:126,10,0,4
BRDA:126,10,1,4
BRDA:128,11,0,2
BRDA:128,11,1,1
BRDA:128,12,0,3
BRDA:128,12,1,2
BRDA:146,13,0,1
BRDA:146,13,1,5
BRDA:148,14,0,1
BRDA:148,14,1,4
BRDA:150,15,0,1
BRDA:150,15,1,3
BRDA:150,16,0,4
BRDA:150,16,1,4
BRDA:152,17,0,1
BRDA:152,17,1,2
BRDA:152,18,0,3
BRDA:152,18,1,1
BRF:38
BRH:38
end_of_record
TN:
SF:src/secp256r1.ts
FN:15,ECPointDecompress
FNF:1
FNH:1
FNDA:7,ECPointDecompress
DA:16,7
DA:17,3
DA:20,4
DA:21,4
DA:22,4
DA:23,4
DA:25,4
DA:26,4
DA:27,4
DA:29,4
DA:30,4
DA:33,4
DA:36,1
DA:39,4
LF:14
LH:14
BRDA:16,0,0,3
BRDA:16,0,1,4
BRDA:33,1,0,1
BRDA:33,1,1,3
BRF:4
BRH:4
end_of_record
TN:
SF:src/secp384r1.ts
FN:15,ECPointDecompress
FNF:1
FNH:1
FNDA:7,ECPointDecompress
DA:16,7
DA:17,3
DA:20,4
DA:21,4
DA:22,4
DA:23,4
DA:25,4
DA:26,4
DA:27,4
DA:29,4
DA:30,4
DA:33,4
DA:36,2
DA:39,4
LF:14
LH:14
BRDA:16,0,0,3
BRDA:16,0,1,4
BRDA:33,1,0,2
BRDA:33,1,1,2
BRF:4
BRH:4
end_of_record
TN:
SF:src/secp521r1.ts
FN:15,ECPointDecompress
FNF:1
FNH:1
FNDA:6,ECPointDecompress
DA:16,6
DA:17,3
DA:20,3
DA:21,3
DA:22,3
DA:23,3
DA:25,3
DA:26,3
DA:27,3
DA:29,3
DA:30,3
DA:33,3
DA:36,2
DA:39,3
LF:14
LH:14
BRDA:16,0,0,3
BRDA:16,0,1,3
BRDA:33,1,0,2
BRDA:33,1,1,1
BRF:4
BRH:4
end_of_record
